\BOOKMARK [0][-]{chapter*.6}{Abbildungsverzeichnis}{}% 1
\BOOKMARK [0][-]{chapter*.7}{Tabellenverzeichnis}{}% 2
\BOOKMARK [0][-]{chapter.1}{Allgemeines}{}% 3
\BOOKMARK [1][-]{section.1.1}{Idee, Thema, Aufgabenstellung}{chapter.1}% 4
\BOOKMARK [2][-]{subsection.1.1.1}{Beschreibung der Idee}{section.1.1}% 5
\BOOKMARK [0][-]{chapter.2}{Planung}{}% 6
\BOOKMARK [1][-]{section.2.1}{Projektziele}{chapter.2}% 7
\BOOKMARK [2][-]{subsection.2.1.1}{MUSS-Ziele}{section.2.1}% 8
\BOOKMARK [3][-]{subsubsection.2.1.1.1}{Netzwerk aufbauen}{subsection.2.1.1}% 9
\BOOKMARK [3][-]{subsubsection.2.1.1.2}{Installation und Inbetriebnahme eines Lagerprogramms und eines Rechnungsmanager, sowie die Einschulung der Mitarbeiter der Firma Skoda}{subsection.2.1.1}% 10
\BOOKMARK [3][-]{subsubsection.2.1.1.3}{Hotspot}{subsection.2.1.1}% 11
\BOOKMARK [2][-]{subsection.2.1.2}{Optionale-Ziele \(Soll-, Kann-Ziele\)}{section.2.1}% 12
\BOOKMARK [3][-]{subsubsection.2.1.2.1}{Erstellung einer Webseite, Soziale Medien pflegen und verbessern}{subsection.2.1.2}% 13
\BOOKMARK [3][-]{subsubsection.2.1.2.2}{Installation und Inbetriebnahme eines Bilanzprogramms, sowie die Einschulung der Mitarbeiter der Firma Skoda}{subsection.2.1.2}% 14
\BOOKMARK [1][-]{section.2.2}{Projektplanung}{chapter.2}% 15
\BOOKMARK [1][-]{section.2.3}{Team Vorstellung}{chapter.2}% 16
\BOOKMARK [1][-]{section.2.4}{Projektmanagementmethode}{chapter.2}% 17
\BOOKMARK [0][-]{chapter.3}{Dokumentation des Projekverlaufs}{}% 18
\BOOKMARK [1][-]{section.3.1}{Allgemeine Beschreibungen}{chapter.3}% 19
\BOOKMARK [1][-]{section.3.2}{Technische L\366sungen}{chapter.3}% 20
\BOOKMARK [2][-]{subsection.3.2.1}{Webseite}{section.3.2}% 21
\BOOKMARK [2][-]{subsection.3.2.2}{Die Hotspot-Zone}{section.3.2}% 22
\BOOKMARK [2][-]{subsection.3.2.3}{Netzwerk}{section.3.2}% 23
\BOOKMARK [1][-]{section.3.3}{Beschreibungen des Arbeitsverlaufs}{chapter.3}% 24
\BOOKMARK [1][-]{section.3.4}{Probleme, Herausforderungen und deren L\366sung}{chapter.3}% 25
\BOOKMARK [0][-]{chapter.4}{Viertes Kapitel}{}% 26
\BOOKMARK [1][-]{section.4.1}{Listen und Aufz\344hlungen}{chapter.4}% 27
\BOOKMARK [1][-]{section.4.2}{Und n\344chster Abschnitt etwas l\344nger als vorher es war}{chapter.4}% 28
\BOOKMARK [1][-]{section.4.3}{Eine Tabelle}{chapter.4}% 29
\BOOKMARK [1][-]{section.4.4}{Zitieren und Literaturverzeichnis erzeugen}{chapter.4}% 30
\BOOKMARK [2][-]{subsection.4.4.1}{Beispiele}{section.4.4}% 31
\BOOKMARK [1][-]{section.4.5}{Bilder und Referenzen}{chapter.4}% 32
\BOOKMARK [1][-]{section.4.6}{Formeln}{chapter.4}% 33
\BOOKMARK [2][-]{subsection.4.6.1}{Albert Einstein}{section.4.6}% 34
\BOOKMARK [2][-]{subsection.4.6.2}{Allgemeine quadratische Gleichung}{section.4.6}% 35
\BOOKMARK [2][-]{subsection.4.6.3}{Intergral}{section.4.6}% 36
\BOOKMARK [1][-]{section.4.7}{Source Code einbinden}{chapter.4}% 37
\BOOKMARK [2][-]{subsection.4.7.1}{Datei}{section.4.7}% 38
\BOOKMARK [2][-]{subsection.4.7.2}{Inline}{section.4.7}% 39
\BOOKMARK [0][-]{appendix.A}{Anhang Eins}{}% 40
\BOOKMARK [0][-]{appendix.B}{Anhang Zwei}{}% 41
